<?xml version="1.0" encoding="UTF-8"?>
<!-- Generated by org.testng.reporters.JUnitReportReporter -->
<testsuite skipped="0" hostname="DESKTOP-S64RF07" name="com.Mercury.tests.RunningClass" tests="1" failures="0" timestamp="27 Feb 2018 18:55:43 GMT" time="24.303" errors="0">
  <testcase name="mainMethod" time="24.303" classname="com.Mercury.tests.RunningClass"/>
</testsuite> <!-- com.Mercury.tests.RunningClass -->
