<?xml version="1.0" encoding="UTF-8"?>
<!-- Generated by org.testng.reporters.JUnitReportReporter -->
<testsuite skipped="0" hostname="DESKTOP-S64RF07" name="MercuryProject.MercuryProject.AppTest" tests="1" failures="0" timestamp="25 Feb 2018 19:27:03 GMT" time="5.453" errors="0">
  <testcase name="mainMethod" time="5.453" classname="MercuryProject.MercuryProject.AppTest"/>
</testsuite> <!-- MercuryProject.MercuryProject.AppTest -->
